<?xml version="1.0" encoding="UTF-8"?>
<!-- Generated by org.testng.reporters.JUnitXMLReporter -->
<testsuite ignored="0" hostname="LAPTOP-5RVKDHMM" failures="0" tests="11" name="Regression1" time="76.253" errors="0" timestamp="2023-11-03T19:18:09 EDT">
  <testcase classname="TestPage.TestShop" name="@AfterTest afterTest" time="5.04">
    <failure type="org.openqa.selenium.remote.http.ConnectionFailedException" message="Unable to establish websocket connection to http://127.0.0.1:32949/devtools/browser/c4b7fd78-2b02-4ae7-99d2-2722c2192579
Build info: version: &amp;apos;4.13.0&amp;apos;, revision: &amp;apos;ba948ece5b*&amp;apos;
System info: os.name: &amp;apos;Windows 11&amp;apos;, os.arch: &amp;apos;amd64&amp;apos;, os.version: &amp;apos;10.0&amp;apos;, java.version: &amp;apos;17.0.6&amp;apos;
Driver info: driver.version: FirefoxDriver">
      <![CDATA[org.openqa.selenium.remote.http.ConnectionFailedException: Unable to establish websocket connection to http://127.0.0.1:32949/devtools/browser/c4b7fd78-2b02-4ae7-99d2-2722c2192579
Build info: version: '4.13.0', revision: 'ba948ece5b*'
System info: os.name: 'Windows 11', os.arch: 'amd64', os.version: '10.0', java.version: '17.0.6'
Driver info: driver.version: FirefoxDriver
at org.openqa.selenium.remote.http.netty.NettyWebSocket.<init>(NettyWebSocket.java:116)
at org.openqa.selenium.remote.http.netty.NettyWebSocket.lambda$create$3(NettyWebSocket.java:147)
at org.openqa.selenium.remote.http.netty.NettyClient.openSocket(NettyClient.java:104)
at org.openqa.selenium.devtools.Connection.<init>(Connection.java:83)
at org.openqa.selenium.firefox.FirefoxDriver.maybeGetDevTools(FirefoxDriver.java:334)
at org.openqa.selenium.remote.RemoteWebDriver.quit(RemoteWebDriver.java:430)
at org.openqa.selenium.firefox.FirefoxDriver.quit(FirefoxDriver.java:392)
at TestPage.TestShop.afterTest(TestShop.java:181)
at java.base/java.util.concurrent.FutureTask.run(FutureTask.java:264)
at java.base/java.util.concurrent.ThreadPoolExecutor.runWorker(ThreadPoolExecutor.java:1136)
at java.base/java.util.concurrent.ThreadPoolExecutor$Worker.run(ThreadPoolExecutor.java:635)
at java.base/java.lang.Thread.run(Thread.java:833)
... Removed 14 stack frames]]>
    </failure>
  </testcase> <!-- @AfterTest afterTest -->
  <testcase classname="TestPage.TestShop" name="electronicsTab" time="15.48"/>
  <testcase classname="TestPage.TestShop" name="HTCimage" time="3.664"/>
  <testcase classname="TestPage.TestShop" name="clickAC" time="11.543"/>
  <testcase classname="TestPage.TestShop" name="termschkbtn" time="7.142"/>
  <testcase classname="TestPage.TestShop" name="guestbtn" time="0.557"/>
  <testcase classname="TestPage.TestShop" name="continuebtn1" time="4.194"/>
  <testcase classname="TestPage.TestShop" name="shippingnext" time="0.23"/>
  <testcase classname="TestPage.TestShop" name="continuebtn3" time="8.446"/>
  <testcase classname="TestPage.TestShop" name="continuebtn4" time="5.223"/>
  <testcase classname="TestPage.TestShop" name="confirm" time="2.328"/>
  <testcase classname="TestPage.TestShop" name="continuethank" time="5.344"/>
</testsuite> <!-- Regression1 -->
