<?xml version="1.0" encoding="UTF-8"?>
<!-- Generated by org.testng.reporters.JUnitReportReporter -->
<testsuite hostname="LAPTOP-5RVKDHMM" failures="1" tests="16" name="Pages.TestShopping" time="5.878" errors="0" timestamp="2023-10-24T18:22:16 EDT" skipped="15">
  <testcase classname="Pages.TestShopping" name="testbaseSetup" time="5.876">
    <failure message="home page is not displayed expected object to not be null" type="java.lang.AssertionError">
      <![CDATA[java.lang.AssertionError: home page is not displayed expected object to not be null
at org.testng.Assert.fail(Assert.java:111)
at org.testng.Assert.assertNotNull(Assert.java:1484)
at Pages.TestShopping.testbaseSetup(TestShopping.java:40)
at java.base/jdk.internal.reflect.NativeMethodAccessorImpl.invoke0(Native Method)
at java.base/jdk.internal.reflect.NativeMethodAccessorImpl.invoke(NativeMethodAccessorImpl.java:77)
at java.base/jdk.internal.reflect.DelegatingMethodAccessorImpl.invoke(DelegatingMethodAccessorImpl.java:43)
at java.base/java.lang.reflect.Method.invoke(Method.java:568)
at org.testng.internal.invokers.MethodInvocationHelper.invokeMethod(MethodInvocationHelper.java:139)
at org.testng.internal.invokers.MethodInvocationHelper.invokeMethodConsideringTimeout(MethodInvocationHelper.java:69)
at org.testng.internal.invokers.ConfigInvoker.invokeConfigurationMethod(ConfigInvoker.java:390)
at org.testng.internal.invokers.ConfigInvoker.invokeConfigurations(ConfigInvoker.java:325)
at org.testng.internal.invokers.TestMethodWorker.invokeBeforeClassMethods(TestMethodWorker.java:180)
at org.testng.internal.invokers.TestMethodWorker.run(TestMethodWorker.java:122)
at java.base/java.util.ArrayList.forEach(ArrayList.java:1511)
at org.testng.TestRunner.privateRun(TestRunner.java:848)
at org.testng.TestRunner.run(TestRunner.java:621)
at org.testng.SuiteRunner.runTest(SuiteRunner.java:443)
at org.testng.SuiteRunner.runSequentially(SuiteRunner.java:437)
at org.testng.SuiteRunner.privateRun(SuiteRunner.java:397)
at org.testng.SuiteRunner.run(SuiteRunner.java:336)
at org.testng.SuiteRunnerWorker.runSuite(SuiteRunnerWorker.java:52)
at org.testng.SuiteRunnerWorker.run(SuiteRunnerWorker.java:95)
at org.testng.TestNG.runSuitesSequentially(TestNG.java:1280)
at org.testng.TestNG.runSuitesLocally(TestNG.java:1200)
at org.testng.TestNG.runSuites(TestNG.java:1114)
at org.testng.TestNG.run(TestNG.java:1082)
at org.testng.remote.AbstractRemoteTestNG.run(AbstractRemoteTestNG.java:115)
at org.testng.remote.RemoteTestNG.initAndRun(RemoteTestNG.java:251)
at org.testng.remote.RemoteTestNG.main(RemoteTestNG.java:77)
]]>
    </failure>
  </testcase> <!-- testbaseSetup -->
  <testcase classname="Pages.TestShopping" name="hover" time="0.000">
    <skipped/>
  </testcase> <!-- hover -->
  <testcase classname="Pages.TestShopping" name="HTCimage" time="0.000">
    <skipped/>
  </testcase> <!-- HTCimage -->
  <testcase classname="Pages.TestShopping" name="addtocartbtn" time="0.000">
    <skipped/>
  </testcase> <!-- addtocartbtn -->
  <testcase classname="Pages.TestShopping" name="shcart" time="0.000">
    <skipped/>
  </testcase> <!-- shcart -->
  <testcase classname="Pages.TestShopping" name="displaytotal" time="0.000">
    <skipped/>
  </testcase> <!-- displaytotal -->
  <testcase classname="Pages.TestShopping" name="terms" time="0.000">
    <skipped/>
  </testcase> <!-- terms -->
  <testcase classname="Pages.TestShopping" name="chkbtn" time="0.000">
    <skipped/>
  </testcase> <!-- chkbtn -->
  <testcase classname="Pages.TestShopping" name="guest" time="0.000">
    <skipped/>
  </testcase> <!-- guest -->
  <testcase classname="Pages.TestShopping" name="continuebtn1" time="0.000">
    <skipped/>
  </testcase> <!-- continuebtn1 -->
  <testcase classname="Pages.TestShopping" name="shippingnext" time="0.000">
    <skipped/>
  </testcase> <!-- shippingnext -->
  <testcase classname="Pages.TestShopping" name="moneyorder" time="0.000">
    <skipped/>
  </testcase> <!-- moneyorder -->
  <testcase classname="Pages.TestShopping" name="continuebtn3" time="0.001">
    <skipped/>
  </testcase> <!-- continuebtn3 -->
  <testcase classname="Pages.TestShopping" name="continuebtn4" time="0.000">
    <skipped/>
  </testcase> <!-- continuebtn4 -->
  <testcase classname="Pages.TestShopping" name="continuethank" time="0.000">
    <skipped/>
  </testcase> <!-- continuethank -->
  <testcase classname="Pages.TestShopping" name="confirm" time="0.001">
    <skipped/>
  </testcase> <!-- confirm -->
</testsuite> <!-- Pages.TestShopping -->
